# JRE version: Java(TM) SE Runtime Environment (8.0_111-b14) (build 1.8.0_111-b14)
# Java VM: Java HotSpot(TM) 64-Bit Server VM (25.111-b14 mixed mode windows-amd64 compressed oops)
Heap:
 PSYoungGen      total 337408K, used 62651K [0x000000076ad00000, 0x0000000786380000, 0x00000007c0000000)
  eden space 290304K, 19% used [0x000000076ad00000,0x000000076e540cf8,0x000000077c880000)
  from space 47104K, 10% used [0x000000077c880000,0x000000077cd6e160,0x000000077f680000)
  to   space 47616K, 0% used [0x0000000783500000,0x0000000783500000,0x0000000786380000)
 ParOldGen       total 262144K, used 104241K [0x00000006c0600000, 0x00000006d0600000, 0x000000076ad00000)
  object space 262144K, 39% used [0x00000006c0600000,0x00000006c6bcc650,0x00000006d0600000)
 Metaspace       used 24883K, capacity 25446K, committed 25728K, reserved 1073152K
  class space    used 2731K, capacity 2889K, committed 2944K, reserved 1048576K
GC Heap History (10 events):
Event: 8.034 GC heap before
{Heap before GC invocations=9 (full 1):
 PSYoungGen      total 141824K, used 141810K [0x000000076ad00000, 0x000000077bc00000, 0x00000007c0000000)
  eden space 130560K, 100% used [0x000000076ad00000,0x0000000772c80000,0x0000000772c80000)
  from space 11264K, 99% used [0x0000000772c80000,0x000000077377c9b0,0x0000000773780000)
  to   space 27648K, 0% used [0x000000077a100000,0x000000077a100000,0x000000077bc00000)
 ParOldGen       total 96768K, used 42477K [0x00000006c0600000, 0x00000006c6480000, 0x000000076ad00000)
  object space 96768K, 43% used [0x00000006c0600000,0x00000006c2f7b590,0x00000006c6480000)
 Metaspace       used 22032K, capacity 22542K, committed 22960K, reserved 1069056K
  class space    used 2560K, capacity 2694K, committed 2816K, reserved 1048576K
Event: 8.097 GC heap after
Heap after GC invocations=9 (full 1):
 PSYoungGen      total 233472K, used 27621K [0x000000076ad00000, 0x000000077e080000, 0x00000007c0000000)
  eden space 205824K, 0% used [0x000000076ad00000,0x000000076ad00000,0x0000000777600000)
  from space 27648K, 99% used [0x000000077a100000,0x000000077bbf9640,0x000000077bc00000)
  to   space 44032K, 0% used [0x0000000777600000,0x0000000777600000,0x000000077a100000)
 ParOldGen       total 96768K, used 70451K [0x00000006c0600000, 0x00000006c6480000, 0x000000076ad00000)
  object space 96768K, 72% used [0x00000006c0600000,0x00000006c4accf28,0x00000006c6480000)
 Metaspace       used 22032K, capacity 22542K, committed 22960K, reserved 1069056K
  class space    used 2560K, capacity 2694K, committed 2816K, reserved 1048576K
}
Event: 11.032 GC heap before
{Heap before GC invocations=10 (full 1):
 PSYoungGen      total 233472K, used 233445K [0x000000076ad00000, 0x000000077e080000, 0x00000007c0000000)
  eden space 205824K, 100% used [0x000000076ad00000,0x0000000777600000,0x0000000777600000)
  from space 27648K, 99% used [0x000000077a100000,0x000000077bbf9640,0x000000077bc00000)
  to   space 44032K, 0% used [0x0000000777600000,0x0000000777600000,0x000000077a100000)
 ParOldGen       total 96768K, used 70451K [0x00000006c0600000, 0x00000006c6480000, 0x000000076ad00000)
  object space 96768K, 72% used [0x00000006c0600000,0x00000006c4accf28,0x00000006c6480000)
 Metaspace       used 23997K, capacity 24494K, committed 24576K, reserved 1071104K
  class space    used 2686K, capacity 2790K, committed 2816K, reserved 1048576K
Event: 11.075 GC heap after
Heap after GC invocations=10 (full 1):
 PSYoungGen      total 249856K, used 38217K [0x000000076ad00000, 0x0000000782c00000, 0x00000007c0000000)
  eden space 205824K, 0% used [0x000000076ad00000,0x000000076ad00000,0x0000000777600000)
  from space 44032K, 86% used [0x0000000777600000,0x0000000779b52478,0x000000077a100000)
  to   space 49152K, 0% used [0x000000077fc00000,0x000000077fc00000,0x0000000782c00000)
 ParOldGen       total 96768K, used 70459K [0x00000006c0600000, 0x00000006c6480000, 0x000000076ad00000)
  object space 96768K, 72% used [0x00000006c0600000,0x00000006c4acef28,0x00000006c6480000)
 Metaspace       used 23997K, capacity 24494K, committed 24576K, reserved 1071104K
  class space    used 2686K, capacity 2790K, committed 2816K, reserved 1048576K
}
Event: 14.781 GC heap before
{Heap before GC invocations=11 (full 1):
 PSYoungGen      total 249856K, used 244041K [0x000000076ad00000, 0x0000000782c00000, 0x00000007c0000000)
  eden space 205824K, 100% used [0x000000076ad00000,0x0000000777600000,0x0000000777600000)
  from space 44032K, 86% used [0x0000000777600000,0x0000000779b52478,0x000000077a100000)
  to   space 49152K, 0% used [0x000000077fc00000,0x000000077fc00000,0x0000000782c00000)
 ParOldGen       total 96768K, used 70459K [0x00000006c0600000, 0x00000006c6480000, 0x000000076ad00000)
  object space 96768K, 72% used [0x00000006c0600000,0x00000006c4acef28,0x00000006c6480000)
 Metaspace       used 24320K, capacity 24846K, committed 25216K, reserved 1071104K
  class space    used 2693K, capacity 2822K, committed 2944K, reserved 1048576K
Event: 14.826 GC heap after
Heap after GC invocations=11 (full 1):
 PSYoungGen      total 331776K, used 15286K [0x000000076ad00000, 0x0000000782480000, 0x00000007c0000000)
  eden space 290304K, 0% used [0x000000076ad00000,0x000000076ad00000,0x000000077c880000)
  from space 41472K, 36% used [0x000000077fc00000,0x0000000780aedb08,0x0000000782480000)
  to   space 47104K, 0% used [0x000000077c880000,0x000000077c880000,0x000000077f680000)
 ParOldGen       total 96768K, used 96698K [0x00000006c0600000, 0x00000006c6480000, 0x000000076ad00000)
  object space 96768K, 99% used [0x00000006c0600000,0x00000006c646e940,0x00000006c6480000)
 Metaspace       used 24320K, capacity 24846K, committed 25216K, reserved 1071104K
  class space    used 2693K, capacity 2822K, committed 2944K, reserved 1048576K
}
Event: 14.826 GC heap before
{Heap before GC invocations=12 (full 2):
 PSYoungGen      total 331776K, used 15286K [0x000000076ad00000, 0x0000000782480000, 0x00000007c0000000)
  eden space 290304K, 0% used [0x000000076ad00000,0x000000076ad00000,0x000000077c880000)
  from space 41472K, 36% used [0x000000077fc00000,0x0000000780aedb08,0x0000000782480000)
  to   space 47104K, 0% used [0x000000077c880000,0x000000077c880000,0x000000077f680000)
 ParOldGen       total 96768K, used 96698K [0x00000006c0600000, 0x00000006c6480000, 0x000000076ad00000)
  object space 96768K, 99% used [0x00000006c0600000,0x00000006c646e940,0x00000006c6480000)
 Metaspace       used 24320K, capacity 24846K, committed 25216K, reserved 1071104K
  class space    used 2693K, capacity 2822K, committed 2944K, reserved 1048576K
Event: 15.327 GC heap after
Heap after GC invocations=12 (full 2):
 PSYoungGen      total 331776K, used 7981K [0x000000076ad00000, 0x0000000782480000, 0x00000007c0000000)
  eden space 290304K, 0% used [0x000000076ad00000,0x000000076ad00000,0x000000077c880000)
  from space 41472K, 19% used [0x000000077fc00000,0x00000007803cb6a0,0x0000000782480000)
  to   space 47104K, 0% used [0x000000077c880000,0x000000077c880000,0x000000077f680000)
 ParOldGen       total 262144K, used 96652K [0x00000006c0600000, 0x00000006d0600000, 0x000000076ad00000)
  object space 262144K, 36% used [0x00000006c0600000,0x00000006c6463138,0x00000006d0600000)
 Metaspace       used 24320K, capacity 24846K, committed 25216K, reserved 1071104K
  class space    used 2693K, capacity 2822K, committed 2944K, reserved 1048576K
}
Event: 20.162 GC heap before
{Heap before GC invocations=13 (full 2):
 PSYoungGen      total 331776K, used 298285K [0x000000076ad00000, 0x0000000782480000, 0x00000007c0000000)
  eden space 290304K, 100% used [0x000000076ad00000,0x000000077c880000,0x000000077c880000)
  from space 41472K, 19% used [0x000000077fc00000,0x00000007803cb6a0,0x0000000782480000)
  to   space 47104K, 0% used [0x000000077c880000,0x000000077c880000,0x000000077f680000)
 ParOldGen       total 262144K, used 96652K [0x00000006c0600000, 0x00000006d0600000, 0x000000076ad00000)
  object space 262144K, 36% used [0x00000006c0600000,0x00000006c6463138,0x00000006d0600000)
 Metaspace       used 24407K, capacity 24910K, committed 25216K, reserved 1071104K
  class space    used 2695K, capacity 2822K, committed 2944K, reserved 1048576K
Event: 20.184 GC heap after
Heap after GC invocations=13 (full 2):
 PSYoungGen      total 337408K, used 5048K [0x000000076ad00000, 0x0000000786380000, 0x00000007c0000000)
  eden space 290304K, 0% used [0x000000076ad00000,0x000000076ad00000,0x000000077c880000)
  from space 47104K, 10% used [0x000000077c880000,0x000000077cd6e160,0x000000077f680000)
  to   space 47616K, 0% used [0x0000000783500000,0x0000000783500000,0x0000000786380000)
 ParOldGen       total 262144K, used 104241K [0x00000006c0600000, 0x00000006d0600000, 0x000000076ad00000)
  object space 262144K, 39% used [0x00000006c0600000,0x00000006c6bcc650,0x00000006d0600000)
 Metaspace       used 24407K, capacity 24910K, committed 25216K, reserved 1071104K
  class space    used 2695K, capacity 2822K, committed 2944K, reserved 1048576K
}

